2020-08-14 12:20:24.733  INFO 100 --- [restartedMain] com.intern.test.InternprojApplication    : Starting InternprojApplication on ComputerStudent with PID 100 (C:\Users\Computer Student\workspace\internproj\target\classes started by Computer Student in C:\Users\Computer Student\workspace\internproj)
2020-08-14 12:20:24.737  INFO 100 --- [restartedMain] com.intern.test.InternprojApplication    : No active profile set, falling back to default profiles: default
2020-08-14 12:20:24.816  INFO 100 --- [restartedMain] .e.DevToolsPropertyDefaultsPostProcessor : Devtools property defaults active! Set 'spring.devtools.add-properties' to 'false' to disable
2020-08-14 12:20:24.816  INFO 100 --- [restartedMain] .e.DevToolsPropertyDefaultsPostProcessor : For additional web related logging consider setting the 'logging.level.web' property to 'DEBUG'
2020-08-14 12:20:25.960  INFO 100 --- [restartedMain] trationDelegate$BeanPostProcessorChecker : Bean 'org.springframework.ws.config.annotation.DelegatingWsConfiguration' of type [org.springframework.ws.config.annotation.DelegatingWsConfiguration$$EnhancerBySpringCGLIB$$b8bae776] is not eligible for getting processed by all BeanPostProcessors (for example: not eligible for auto-proxying)
2020-08-14 12:20:26.097  INFO 100 --- [restartedMain] .w.s.a.s.AnnotationActionEndpointMapping : Supporting [WS-Addressing August 2004, WS-Addressing 1.0]
2020-08-14 12:20:26.688  INFO 100 --- [restartedMain] o.s.b.w.embedded.tomcat.TomcatWebServer  : Tomcat initialized with port(s): 8080 (http)
2020-08-14 12:20:26.716  INFO 100 --- [restartedMain] o.apache.catalina.core.StandardService   : Starting service [Tomcat]
2020-08-14 12:20:26.717  INFO 100 --- [restartedMain] org.apache.catalina.core.StandardEngine  : Starting Servlet engine: [Apache Tomcat/9.0.37]
2020-08-14 12:20:27.299  INFO 100 --- [restartedMain] o.a.c.c.C.[.[localhost].[/intern]        : Initializing Spring embedded WebApplicationContext
2020-08-14 12:20:27.299  INFO 100 --- [restartedMain] w.s.c.ServletWebServerApplicationContext : Root WebApplicationContext: initialization completed in 2482 ms
2020-08-14 12:20:29.350  INFO 100 --- [restartedMain] o.s.s.concurrent.ThreadPoolTaskExecutor  : Initializing ExecutorService 'applicationTaskExecutor'
2020-08-14 12:20:31.468  INFO 100 --- [restartedMain] o.s.b.d.a.OptionalLiveReloadServer       : LiveReload server is running on port 35729
2020-08-14 12:20:32.576  INFO 100 --- [restartedMain] o.s.b.w.embedded.tomcat.TomcatWebServer  : Tomcat started on port(s): 8080 (http) with context path '/intern'
2020-08-14 12:20:32.594  INFO 100 --- [restartedMain] com.intern.test.InternprojApplication    : Started InternprojApplication in 8.413 seconds (JVM running for 9.229)
2020-08-14 15:36:49.776  INFO 100 --- [http-nio-8080-exec-4] o.a.c.c.C.[.[localhost].[/intern]        : Initializing Spring DispatcherServlet 'dispatcherServlet'
2020-08-14 15:36:50.163  INFO 100 --- [http-nio-8080-exec-4] o.s.web.servlet.DispatcherServlet        : Initializing Servlet 'dispatcherServlet'
2020-08-14 15:36:53.437  INFO 100 --- [http-nio-8080-exec-4] o.s.web.servlet.DispatcherServlet        : Completed initialization in 3238 ms
2020-08-14 16:03:47.005  INFO 100 --- [RMI TCP Connection(220)-127.0.0.1] inMXBeanRegistrar$SpringApplicationAdmin : Application shutdown requested.
2020-08-14 16:03:48.186  INFO 100 --- [RMI TCP Connection(220)-127.0.0.1] o.s.s.concurrent.ThreadPoolTaskExecutor  : Shutting down ExecutorService 'applicationTaskExecutor'
2020-08-14 23:58:30.185  INFO 2552 --- [restartedMain] com.intern.test.InternprojApplication    : Starting InternprojApplication on ComputerStudent with PID 2552 (C:\Users\Computer Student\workspace\internproj\target\classes started by Computer Student in C:\Users\Computer Student\workspace\internproj)
2020-08-14 23:58:30.203  INFO 2552 --- [restartedMain] com.intern.test.InternprojApplication    : No active profile set, falling back to default profiles: default
2020-08-14 23:58:30.448  INFO 2552 --- [restartedMain] .e.DevToolsPropertyDefaultsPostProcessor : Devtools property defaults active! Set 'spring.devtools.add-properties' to 'false' to disable
2020-08-14 23:58:30.449  INFO 2552 --- [restartedMain] .e.DevToolsPropertyDefaultsPostProcessor : For additional web related logging consider setting the 'logging.level.web' property to 'DEBUG'
2020-08-14 23:58:33.176  INFO 2552 --- [restartedMain] .s.d.r.c.RepositoryConfigurationDelegate : Bootstrapping Spring Data JPA repositories in DEFERRED mode.
2020-08-14 23:58:33.256  INFO 2552 --- [restartedMain] .s.d.r.c.RepositoryConfigurationDelegate : Finished Spring Data repository scanning in 18ms. Found 0 JPA repository interfaces.
2020-08-14 23:58:33.992  INFO 2552 --- [restartedMain] trationDelegate$BeanPostProcessorChecker : Bean 'org.springframework.ws.config.annotation.DelegatingWsConfiguration' of type [org.springframework.ws.config.annotation.DelegatingWsConfiguration$$EnhancerBySpringCGLIB$$362a8700] is not eligible for getting processed by all BeanPostProcessors (for example: not eligible for auto-proxying)
2020-08-14 23:58:34.188  INFO 2552 --- [restartedMain] .w.s.a.s.AnnotationActionEndpointMapping : Supporting [WS-Addressing August 2004, WS-Addressing 1.0]
2020-08-14 23:58:35.075  INFO 2552 --- [restartedMain] o.s.b.w.embedded.tomcat.TomcatWebServer  : Tomcat initialized with port(s): 8080 (http)
2020-08-14 23:58:35.117  INFO 2552 --- [restartedMain] o.apache.catalina.core.StandardService   : Starting service [Tomcat]
2020-08-14 23:58:35.117  INFO 2552 --- [restartedMain] org.apache.catalina.core.StandardEngine  : Starting Servlet engine: [Apache Tomcat/9.0.37]
2020-08-14 23:58:35.652  INFO 2552 --- [restartedMain] o.a.c.c.C.[.[localhost].[/intern]        : Initializing Spring embedded WebApplicationContext
2020-08-14 23:58:35.653  INFO 2552 --- [restartedMain] w.s.c.ServletWebServerApplicationContext : Root WebApplicationContext: initialization completed in 5204 ms
2020-08-14 23:58:35.923  WARN 2552 --- [restartedMain] ConfigServletWebServerApplicationContext : Exception encountered during context initialization - cancelling refresh attempt: org.springframework.beans.factory.UnsatisfiedDependencyException: Error creating bean with name 'inMemoryDatabaseShutdownExecutor' defined in class path resource [org/springframework/boot/devtools/autoconfigure/DevToolsDataSourceAutoConfiguration.class]: Unsatisfied dependency expressed through method 'inMemoryDatabaseShutdownExecutor' parameter 0; nested exception is org.springframework.beans.factory.BeanCreationException: Error creating bean with name 'dataSource' defined in class path resource [org/springframework/boot/autoconfigure/jdbc/DataSourceConfiguration$Hikari.class]: Bean instantiation via factory method failed; nested exception is org.springframework.beans.BeanInstantiationException: Failed to instantiate [com.zaxxer.hikari.HikariDataSource]: Factory method 'dataSource' threw exception; nested exception is org.springframework.boot.autoconfigure.jdbc.DataSourceProperties$DataSourceBeanCreationException: Failed to determine a suitable driver class
2020-08-14 23:58:35.928  INFO 2552 --- [restartedMain] o.apache.catalina.core.StandardService   : Stopping service [Tomcat]
2020-08-14 23:58:36.083  INFO 2552 --- [restartedMain] ConditionEvaluationReportLoggingListener : 

Error starting ApplicationContext. To display the conditions report re-run your application with 'debug' enabled.
2020-08-14 23:58:36.108 ERROR 2552 --- [restartedMain] o.s.b.d.LoggingFailureAnalysisReporter   : 

***************************
APPLICATION FAILED TO START
***************************

Description:

Failed to configure a DataSource: 'url' attribute is not specified and no embedded datasource could be configured.

Reason: Failed to determine a suitable driver class


Action:

Consider the following:
	If you want an embedded database (H2, HSQL or Derby), please put it on the classpath.
	If you have database settings to be loaded from a particular profile you may need to activate it (no profiles are currently active).

